<?xml version="1.0" encoding="UTF-8"?>
<testsuite xmlns:xsi="http://www.w3.org/2001/XMLSchema-instance" xsi:noNamespaceSchemaLocation="https://maven.apache.org/surefire/maven-surefire-plugin/xsd/surefire-test-report.xsd" name="TestSuite" time="226.937" tests="127" errors="0" skipped="0" failures="1">
  <properties>
    <property name="sun.desktop" value="windows"/>
    <property name="awt.toolkit" value="sun.awt.windows.WToolkit"/>
    <property name="java.specification.version" value="11"/>
    <property name="sun.cpu.isalist" value="amd64"/>
    <property name="sun.jnu.encoding" value="Cp1252"/>
    <property name="java.class.path" value="C:\Users\shrav\eclipse-workspace\DSALGO-Final\target\test-classes;C:\Users\shrav\eclipse-workspace\DSALGO-Final\target\classes;C:\Users\shrav\.m2\repository\org\seleniumhq\selenium\selenium-java\4.16.1\selenium-java-4.16.1.jar;C:\Users\shrav\.m2\repository\org\seleniumhq\selenium\selenium-api\4.16.1\selenium-api-4.16.1.jar;C:\Users\shrav\.m2\repository\org\seleniumhq\selenium\selenium-chrome-driver\4.16.1\selenium-chrome-driver-4.16.1.jar;C:\Users\shrav\.m2\repository\com\google\auto\service\auto-service-annotations\1.1.1\auto-service-annotations-1.1.1.jar;C:\Users\shrav\.m2\repository\org\seleniumhq\selenium\selenium-chromium-driver\4.16.1\selenium-chromium-driver-4.16.1.jar;C:\Users\shrav\.m2\repository\org\seleniumhq\selenium\selenium-json\4.16.1\selenium-json-4.16.1.jar;C:\Users\shrav\.m2\repository\org\seleniumhq\selenium\selenium-manager\4.16.1\selenium-manager-4.16.1.jar;C:\Users\shrav\.m2\repository\org\seleniumhq\selenium\selenium-devtools-v118\4.16.1\selenium-devtools-v118-4.16.1.jar;C:\Users\shrav\.m2\repository\org\seleniumhq\selenium\selenium-devtools-v119\4.16.1\selenium-devtools-v119-4.16.1.jar;C:\Users\shrav\.m2\repository\org\seleniumhq\selenium\selenium-devtools-v120\4.16.1\selenium-devtools-v120-4.16.1.jar;C:\Users\shrav\.m2\repository\org\seleniumhq\selenium\selenium-devtools-v85\4.16.1\selenium-devtools-v85-4.16.1.jar;C:\Users\shrav\.m2\repository\org\seleniumhq\selenium\selenium-edge-driver\4.16.1\selenium-edge-driver-4.16.1.jar;C:\Users\shrav\.m2\repository\org\seleniumhq\selenium\selenium-firefox-driver\4.16.1\selenium-firefox-driver-4.16.1.jar;C:\Users\shrav\.m2\repository\org\seleniumhq\selenium\selenium-http\4.16.1\selenium-http-4.16.1.jar;C:\Users\shrav\.m2\repository\dev\failsafe\failsafe\3.3.2\failsafe-3.3.2.jar;C:\Users\shrav\.m2\repository\org\seleniumhq\selenium\selenium-ie-driver\4.16.1\selenium-ie-driver-4.16.1.jar;C:\Users\shrav\.m2\repository\org\seleniumhq\selenium\selenium-remote-driver\4.16.1\selenium-remote-driver-4.16.1.jar;C:\Users\shrav\.m2\repository\com\google\guava\guava\32.1.2-jre\guava-32.1.2-jre.jar;C:\Users\shrav\.m2\repository\com\google\guava\failureaccess\1.0.1\failureaccess-1.0.1.jar;C:\Users\shrav\.m2\repository\com\google\guava\listenablefuture\9999.0-empty-to-avoid-conflict-with-guava\listenablefuture-9999.0-empty-to-avoid-conflict-with-guava.jar;C:\Users\shrav\.m2\repository\com\google\code\findbugs\jsr305\3.0.2\jsr305-3.0.2.jar;C:\Users\shrav\.m2\repository\org\checkerframework\checker-qual\3.33.0\checker-qual-3.33.0.jar;C:\Users\shrav\.m2\repository\com\google\errorprone\error_prone_annotations\2.18.0\error_prone_annotations-2.18.0.jar;C:\Users\shrav\.m2\repository\com\google\j2objc\j2objc-annotations\2.8\j2objc-annotations-2.8.jar;C:\Users\shrav\.m2\repository\io\opentelemetry\opentelemetry-api\1.28.0\opentelemetry-api-1.28.0.jar;C:\Users\shrav\.m2\repository\io\opentelemetry\opentelemetry-context\1.28.0\opentelemetry-context-1.28.0.jar;C:\Users\shrav\.m2\repository\io\opentelemetry\opentelemetry-exporter-logging\1.28.0\opentelemetry-exporter-logging-1.28.0.jar;C:\Users\shrav\.m2\repository\io\opentelemetry\opentelemetry-sdk-metrics\1.28.0\opentelemetry-sdk-metrics-1.28.0.jar;C:\Users\shrav\.m2\repository\io\opentelemetry\opentelemetry-extension-incubator\1.28.0-alpha\opentelemetry-extension-incubator-1.28.0-alpha.jar;C:\Users\shrav\.m2\repository\io\opentelemetry\opentelemetry-sdk-logs\1.28.0\opentelemetry-sdk-logs-1.28.0.jar;C:\Users\shrav\.m2\repository\io\opentelemetry\opentelemetry-sdk-common\1.28.0\opentelemetry-sdk-common-1.28.0.jar;C:\Users\shrav\.m2\repository\io\opentelemetry\opentelemetry-sdk-extension-autoconfigure-spi\1.28.0\opentelemetry-sdk-extension-autoconfigure-spi-1.28.0.jar;C:\Users\shrav\.m2\repository\io\opentelemetry\opentelemetry-sdk-extension-autoconfigure\1.28.0\opentelemetry-sdk-extension-autoconfigure-1.28.0.jar;C:\Users\shrav\.m2\repository\io\opentelemetry\opentelemetry-api-events\1.28.0-alpha\opentelemetry-api-events-1.28.0-alpha.jar;C:\Users\shrav\.m2\repository\io\opentelemetry\opentelemetry-sdk-trace\1.28.0\opentelemetry-sdk-trace-1.28.0.jar;C:\Users\shrav\.m2\repository\io\opentelemetry\opentelemetry-sdk\1.28.0\opentelemetry-sdk-1.28.0.jar;C:\Users\shrav\.m2\repository\io\opentelemetry\opentelemetry-semconv\1.28.0-alpha\opentelemetry-semconv-1.28.0-alpha.jar;C:\Users\shrav\.m2\repository\net\bytebuddy\byte-buddy\1.14.5\byte-buddy-1.14.5.jar;C:\Users\shrav\.m2\repository\org\seleniumhq\selenium\selenium-os\4.16.1\selenium-os-4.16.1.jar;C:\Users\shrav\.m2\repository\org\apache\commons\commons-exec\1.3\commons-exec-1.3.jar;C:\Users\shrav\.m2\repository\org\seleniumhq\selenium\selenium-safari-driver\4.16.1\selenium-safari-driver-4.16.1.jar;C:\Users\shrav\.m2\repository\org\seleniumhq\selenium\selenium-support\4.16.1\selenium-support-4.16.1.jar;C:\Users\shrav\.m2\repository\org\testng\testng\7.8.0\testng-7.8.0.jar;C:\Users\shrav\.m2\repository\com\beust\jcommander\1.82\jcommander-1.82.jar;C:\Users\shrav\.m2\repository\org\webjars\jquery\3.6.1\jquery-3.6.1.jar;C:\Users\shrav\.m2\repository\junit\junit\4.11\junit-4.11.jar;C:\Users\shrav\.m2\repository\org\hamcrest\hamcrest-core\1.3\hamcrest-core-1.3.jar;C:\Users\shrav\.m2\repository\io\cucumber\cucumber-java\7.15.0\cucumber-java-7.15.0.jar;C:\Users\shrav\.m2\repository\io\cucumber\cucumber-core\7.15.0\cucumber-core-7.15.0.jar;C:\Users\shrav\.m2\repository\io\cucumber\cucumber-gherkin\7.15.0\cucumber-gherkin-7.15.0.jar;C:\Users\shrav\.m2\repository\io\cucumber\cucumber-gherkin-messages\7.15.0\cucumber-gherkin-messages-7.15.0.jar;C:\Users\shrav\.m2\repository\io\cucumber\messages\22.0.0\messages-22.0.0.jar;C:\Users\shrav\.m2\repository\io\cucumber\tag-expressions\6.0.0\tag-expressions-6.0.0.jar;C:\Users\shrav\.m2\repository\io\cucumber\cucumber-expressions\17.0.1\cucumber-expressions-17.0.1.jar;C:\Users\shrav\.m2\repository\io\cucumber\datatable\7.15.0\datatable-7.15.0.jar;C:\Users\shrav\.m2\repository\io\cucumber\cucumber-plugin\7.15.0\cucumber-plugin-7.15.0.jar;C:\Users\shrav\.m2\repository\io\cucumber\docstring\7.15.0\docstring-7.15.0.jar;C:\Users\shrav\.m2\repository\io\cucumber\html-formatter\20.4.0\html-formatter-20.4.0.jar;C:\Users\shrav\.m2\repository\io\cucumber\junit-xml-formatter\0.2.0\junit-xml-formatter-0.2.0.jar;C:\Users\shrav\.m2\repository\io\cucumber\ci-environment\10.0.0\ci-environment-10.0.0.jar;C:\Users\shrav\.m2\repository\org\apiguardian\apiguardian-api\1.1.2\apiguardian-api-1.1.2.jar;C:\Users\shrav\.m2\repository\io\cucumber\cucumber-junit\7.15.0\cucumber-junit-7.15.0.jar;C:\Users\shrav\.m2\repository\io\cucumber\cucumber-testng\7.15.0\cucumber-testng-7.15.0.jar;C:\Users\shrav\.m2\repository\io\github\bonigarcia\webdrivermanager\5.6.2\webdrivermanager-5.6.2.jar;C:\Users\shrav\.m2\repository\com\google\code\gson\gson\2.10.1\gson-2.10.1.jar;C:\Users\shrav\.m2\repository\com\github\docker-java\docker-java\3.3.4\docker-java-3.3.4.jar;C:\Users\shrav\.m2\repository\com\github\docker-java\docker-java-core\3.3.4\docker-java-core-3.3.4.jar;C:\Users\shrav\.m2\repository\com\github\docker-java\docker-java-api\3.3.4\docker-java-api-3.3.4.jar;C:\Users\shrav\.m2\repository\org\bouncycastle\bcpkix-jdk18on\1.76\bcpkix-jdk18on-1.76.jar;C:\Users\shrav\.m2\repository\org\bouncycastle\bcprov-jdk18on\1.76\bcprov-jdk18on-1.76.jar;C:\Users\shrav\.m2\repository\org\bouncycastle\bcutil-jdk18on\1.76\bcutil-jdk18on-1.76.jar;C:\Users\shrav\.m2\repository\org\slf4j\jcl-over-slf4j\1.7.30\jcl-over-slf4j-1.7.30.jar;C:\Users\shrav\.m2\repository\com\github\docker-java\docker-java-transport-httpclient5\3.3.4\docker-java-transport-httpclient5-3.3.4.jar;C:\Users\shrav\.m2\repository\com\github\docker-java\docker-java-transport\3.3.4\docker-java-transport-3.3.4.jar;C:\Users\shrav\.m2\repository\net\java\dev\jna\jna\5.13.0\jna-5.13.0.jar;C:\Users\shrav\.m2\repository\org\brotli\dec\0.1.2\dec-0.1.2.jar;C:\Users\shrav\.m2\repository\org\apache\commons\commons-compress\1.24.0\commons-compress-1.24.0.jar;C:\Users\shrav\.m2\repository\org\apache\httpcomponents\client5\httpclient5\5.2.1\httpclient5-5.2.1.jar;C:\Users\shrav\.m2\repository\org\apache\httpcomponents\core5\httpcore5\5.2\httpcore5-5.2.jar;C:\Users\shrav\.m2\repository\org\apache\httpcomponents\core5\httpcore5-h2\5.2\httpcore5-h2-5.2.jar;C:\Users\shrav\.m2\repository\org\apache\poi\poi\5.2.4\poi-5.2.4.jar;C:\Users\shrav\.m2\repository\commons-codec\commons-codec\1.16.0\commons-codec-1.16.0.jar;C:\Users\shrav\.m2\repository\org\apache\commons\commons-collections4\4.4\commons-collections4-4.4.jar;C:\Users\shrav\.m2\repository\org\apache\commons\commons-math3\3.6.1\commons-math3-3.6.1.jar;C:\Users\shrav\.m2\repository\com\zaxxer\SparseBitSet\1.3\SparseBitSet-1.3.jar;C:\Users\shrav\.m2\repository\org\apache\poi\poi-ooxml\5.2.5\poi-ooxml-5.2.5.jar;C:\Users\shrav\.m2\repository\org\apache\poi\poi-ooxml-lite\5.2.5\poi-ooxml-lite-5.2.5.jar;C:\Users\shrav\.m2\repository\org\apache\xmlbeans\xmlbeans\5.2.0\xmlbeans-5.2.0.jar;C:\Users\shrav\.m2\repository\com\github\virtuald\curvesapi\1.08\curvesapi-1.08.jar;C:\Users\shrav\.m2\repository\org\apache\commons\commons-lang3\3.14.0\commons-lang3-3.14.0.jar;C:\Users\shrav\.m2\repository\commons-io\commons-io\2.15.1\commons-io-2.15.1.jar;C:\Users\shrav\.m2\repository\commons-fileupload\commons-fileupload\1.5\commons-fileupload-1.5.jar;C:\Users\shrav\.m2\repository\io\qameta\allure\allure-testng\2.24.0\allure-testng-2.24.0.jar;C:\Users\shrav\.m2\repository\io\qameta\allure\allure-java-commons\2.24.0\allure-java-commons-2.24.0.jar;C:\Users\shrav\.m2\repository\io\qameta\allure\allure-model\2.24.0\allure-model-2.24.0.jar;C:\Users\shrav\.m2\repository\io\qameta\allure\allure-test-filter\2.24.0\allure-test-filter-2.24.0.jar;C:\Users\shrav\.m2\repository\io\qameta\allure\allure-cucumber7-jvm\2.25.0\allure-cucumber7-jvm-2.25.0.jar;C:\Users\shrav\.m2\repository\io\cucumber\gherkin\26.2.0\gherkin-26.2.0.jar;C:\Users\shrav\.m2\repository\tech\grasshopper\extentreports-cucumber7-adapter\1.14.0\extentreports-cucumber7-adapter-1.14.0.jar;C:\Users\shrav\.m2\repository\tech\grasshopper\extent-pdf-report\2.12.0\extent-pdf-report-2.12.0.jar;C:\Users\shrav\.m2\repository\tech\grasshopper\cucumber-pdf-report\2.14.0\cucumber-pdf-report-2.14.0.jar;C:\Users\shrav\.m2\repository\org\apache\pdfbox\pdfbox\2.0.26\pdfbox-2.0.26.jar;C:\Users\shrav\.m2\repository\org\apache\pdfbox\fontbox\2.0.26\fontbox-2.0.26.jar;C:\Users\shrav\.m2\repository\org\knowm\xchart\xchart\3.8.0\xchart-3.8.0.jar;C:\Users\shrav\.m2\repository\de\erichseifert\vectorgraphics2d\VectorGraphics2D\0.13\VectorGraphics2D-0.13.jar;C:\Users\shrav\.m2\repository\de\rototor\pdfbox\graphics2d\0.30\graphics2d-0.30.jar;C:\Users\shrav\.m2\repository\com\madgag\animated-gif-lib\1.4\animated-gif-lib-1.4.jar;C:\Users\shrav\.m2\repository\org\yaml\snakeyaml\2.0\snakeyaml-2.0.jar;C:\Users\shrav\.m2\repository\tech\grasshopper\table-layout\1.5.1\table-layout-1.5.1.jar;C:\Users\shrav\.m2\repository\tech\grasshopper\rest-assured-cucumber-pdf-report\1.5.0\rest-assured-cucumber-pdf-report-1.5.0.jar;C:\Users\shrav\.m2\repository\org\jsoup\jsoup\1.15.3\jsoup-1.15.3.jar;C:\Users\shrav\.m2\repository\com\aventstack\klov-reporter\5.1.0\klov-reporter-5.1.0.jar;C:\Users\shrav\.m2\repository\org\mongodb\mongodb-driver\3.6.4\mongodb-driver-3.6.4.jar;C:\Users\shrav\.m2\repository\org\mongodb\mongodb-driver-core\3.6.4\mongodb-driver-core-3.6.4.jar;C:\Users\shrav\.m2\repository\org\mongodb\bson\3.6.4\bson-3.6.4.jar;C:\Users\shrav\.m2\repository\org\apache\httpcomponents\httpclient\4.5.13\httpclient-4.5.13.jar;C:\Users\shrav\.m2\repository\org\apache\httpcomponents\httpcore\4.4.13\httpcore-4.4.13.jar;C:\Users\shrav\.m2\repository\commons-logging\commons-logging\1.2\commons-logging-1.2.jar;C:\Users\shrav\.m2\repository\org\apache\httpcomponents\httpmime\4.5.13\httpmime-4.5.13.jar;C:\Users\shrav\.m2\repository\tech\grasshopper\htmlextentreporter\1.1.0\htmlextentreporter-1.1.0.jar;C:\Users\shrav\.m2\repository\tech\grasshopper\extent-excel-report\1.4.0\extent-excel-report-1.4.0.jar;C:\Users\shrav\.m2\repository\com\aventstack\extentreports\5.1.1\extentreports-5.1.1.jar;C:\Users\shrav\.m2\repository\io\reactivex\rxjava3\rxjava\3.1.6\rxjava-3.1.6.jar;C:\Users\shrav\.m2\repository\org\reactivestreams\reactive-streams\1.0.4\reactive-streams-1.0.4.jar;C:\Users\shrav\.m2\repository\org\freemarker\freemarker\2.3.32\freemarker-2.3.32.jar;C:\Users\shrav\.m2\repository\org\projectlombok\lombok\1.18.26\lombok-1.18.26.jar;C:\Users\shrav\.m2\repository\net\masterthought\maven-cucumber-reporting\5.7.8\maven-cucumber-reporting-5.7.8.jar;C:\Users\shrav\.m2\repository\net\masterthought\cucumber-reporting\5.7.8\cucumber-reporting-5.7.8.jar;C:\Users\shrav\.m2\repository\com\fasterxml\jackson\core\jackson-databind\2.16.0\jackson-databind-2.16.0.jar;C:\Users\shrav\.m2\repository\com\fasterxml\jackson\core\jackson-annotations\2.16.0\jackson-annotations-2.16.0.jar;C:\Users\shrav\.m2\repository\com\fasterxml\jackson\core\jackson-core\2.16.0\jackson-core-2.16.0.jar;C:\Users\shrav\.m2\repository\com\fasterxml\jackson\datatype\jackson-datatype-jsr310\2.16.0\jackson-datatype-jsr310-2.16.0.jar;C:\Users\shrav\.m2\repository\org\apache\velocity\velocity-engine-core\2.3\velocity-engine-core-2.3.jar;C:\Users\shrav\.m2\repository\joda-time\joda-time\2.12.5\joda-time-2.12.5.jar;C:\Users\shrav\.m2\repository\org\codehaus\plexus\plexus-utils\3.5.1\plexus-utils-3.5.1.jar;C:\Users\shrav\.m2\repository\com\googlecode\owasp-java-html-sanitizer\owasp-java-html-sanitizer\20220608.1\owasp-java-html-sanitizer-20220608.1.jar;C:\Users\shrav\.m2\repository\commons-configuration\commons-configuration\1.10\commons-configuration-1.10.jar;C:\Users\shrav\.m2\repository\commons-lang\commons-lang\2.6\commons-lang-2.6.jar;C:\Users\shrav\.m2\repository\org\apache\maven\maven-plugin-api\4.0.0-alpha-12\maven-plugin-api-4.0.0-alpha-12.jar;C:\Users\shrav\.m2\repository\org\apache\maven\maven-api-plugin\4.0.0-alpha-12\maven-api-plugin-4.0.0-alpha-12.jar;C:\Users\shrav\.m2\repository\org\apache\maven\maven-api-xml\4.0.0-alpha-12\maven-api-xml-4.0.0-alpha-12.jar;C:\Users\shrav\.m2\repository\org\apache\maven\maven-api-meta\4.0.0-alpha-12\maven-api-meta-4.0.0-alpha-12.jar;C:\Users\shrav\.m2\repository\org\apache\maven\maven-model\4.0.0-alpha-12\maven-model-4.0.0-alpha-12.jar;C:\Users\shrav\.m2\repository\org\apache\maven\maven-api-model\4.0.0-alpha-12\maven-api-model-4.0.0-alpha-12.jar;C:\Users\shrav\.m2\repository\org\apache\maven\maven-xml-impl\4.0.0-alpha-12\maven-xml-impl-4.0.0-alpha-12.jar;C:\Users\shrav\.m2\repository\org\codehaus\plexus\plexus-xml\4.0.1\plexus-xml-4.0.1.jar;C:\Users\shrav\.m2\repository\org\apache\maven\maven-artifact\4.0.0-alpha-12\maven-artifact-4.0.0-alpha-12.jar;C:\Users\shrav\.m2\repository\org\eclipse\sisu\org.eclipse.sisu.plexus\0.9.0.M2\org.eclipse.sisu.plexus-0.9.0.M2.jar;C:\Users\shrav\.m2\repository\org\codehaus\plexus\plexus-classworlds\2.6.0\plexus-classworlds-2.6.0.jar;C:\Users\shrav\.m2\repository\org\apache\maven\resolver\maven-resolver-api\2.0.0-alpha-6\maven-resolver-api-2.0.0-alpha-6.jar;C:\Users\shrav\.m2\repository\log4j\log4j\1.2.17\log4j-1.2.17.jar;C:\Users\shrav\.m2\repository\org\slf4j\slf4j-api\2.0.9\slf4j-api-2.0.9.jar;C:\Users\shrav\.m2\repository\org\slf4j\slf4j-simple\2.0.9\slf4j-simple-2.0.9.jar;C:\Users\shrav\.m2\repository\org\apache\logging\log4j\log4j-core\3.0.0-alpha1\log4j-core-3.0.0-alpha1.jar;C:\Users\shrav\.m2\repository\org\apache\logging\log4j\log4j-plugins\3.0.0-alpha1\log4j-plugins-3.0.0-alpha1.jar;C:\Users\shrav\.m2\repository\javax\activation\javax.activation-api\1.2.0\javax.activation-api-1.2.0.jar;C:\Users\shrav\.m2\repository\javax\xml\bind\jaxb-api\2.3.1\jaxb-api-2.3.1.jar;C:\Users\shrav\.m2\repository\com\fasterxml\woodstox\woodstox-core\6.5.0\woodstox-core-6.5.0.jar;C:\Users\shrav\.m2\repository\org\codehaus\woodstox\stax2-api\4.2.1\stax2-api-4.2.1.jar;C:\Users\shrav\.m2\repository\org\apache\logging\log4j\log4j-api\3.0.0-alpha1\log4j-api-3.0.0-alpha1.jar;C:\Users\shrav\.m2\repository\org\apache\maven\plugins\maven-failsafe-plugin\3.2.5\maven-failsafe-plugin-3.2.5.jar;C:\Users\shrav\.m2\repository\org\apache\maven\surefire\maven-surefire-common\3.2.5\maven-surefire-common-3.2.5.jar;C:\Users\shrav\.m2\repository\org\apache\maven\surefire\surefire-api\3.2.5\surefire-api-3.2.5.jar;C:\Users\shrav\.m2\repository\org\apache\maven\surefire\surefire-logger-api\3.2.5\surefire-logger-api-3.2.5.jar;C:\Users\shrav\.m2\repository\org\apache\maven\surefire\surefire-extensions-api\3.2.5\surefire-extensions-api-3.2.5.jar;C:\Users\shrav\.m2\repository\org\apache\maven\surefire\surefire-booter\3.2.5\surefire-booter-3.2.5.jar;C:\Users\shrav\.m2\repository\org\apache\maven\surefire\surefire-extensions-spi\3.2.5\surefire-extensions-spi-3.2.5.jar;C:\Users\shrav\.m2\repository\org\eclipse\aether\aether-util\1.0.0.v20140518\aether-util-1.0.0.v20140518.jar;C:\Users\shrav\.m2\repository\org\eclipse\aether\aether-api\1.0.0.v20140518\aether-api-1.0.0.v20140518.jar;C:\Users\shrav\.m2\repository\org\codehaus\plexus\plexus-java\1.2.0\plexus-java-1.2.0.jar;C:\Users\shrav\.m2\repository\org\ow2\asm\asm\9.6\asm-9.6.jar;C:\Users\shrav\.m2\repository\com\thoughtworks\qdox\qdox\2.0.3\qdox-2.0.3.jar;C:\Users\shrav\.m2\repository\org\apache\maven\surefire\surefire-shared-utils\3.2.5\surefire-shared-utils-3.2.5.jar;C:\Users\shrav\.m2\repository\org\springframework\boot\spring-boot-maven-plugin\3.2.2\spring-boot-maven-plugin-3.2.2.jar;C:\Users\shrav\.m2\repository\org\springframework\boot\spring-boot-buildpack-platform\3.2.2\spring-boot-buildpack-platform-3.2.2.jar;C:\Users\shrav\.m2\repository\com\fasterxml\jackson\module\jackson-module-parameter-names\2.14.2\jackson-module-parameter-names-2.14.2.jar;C:\Users\shrav\.m2\repository\net\java\dev\jna\jna-platform\5.13.0\jna-platform-5.13.0.jar;C:\Users\shrav\.m2\repository\org\springframework\spring-core\6.0.10\spring-core-6.0.10.jar;C:\Users\shrav\.m2\repository\org\springframework\spring-jcl\6.0.10\spring-jcl-6.0.10.jar;C:\Users\shrav\.m2\repository\org\tomlj\tomlj\1.0.0\tomlj-1.0.0.jar;C:\Users\shrav\.m2\repository\org\antlr\antlr4-runtime\4.7.2\antlr4-runtime-4.7.2.jar;C:\Users\shrav\.m2\repository\org\springframework\boot\spring-boot-loader-tools\3.2.2\spring-boot-loader-tools-3.2.2.jar;C:\Users\shrav\.m2\repository\org\apache\maven\shared\maven-common-artifact-filters\3.3.2\maven-common-artifact-filters-3.3.2.jar;C:\Users\shrav\.m2\repository\org\springframework\spring-context\6.1.3\spring-context-6.1.3.jar;C:\Users\shrav\.m2\repository\org\springframework\spring-aop\6.1.3\spring-aop-6.1.3.jar;C:\Users\shrav\.m2\repository\org\springframework\spring-beans\6.1.3\spring-beans-6.1.3.jar;C:\Users\shrav\.m2\repository\org\springframework\spring-expression\6.1.3\spring-expression-6.1.3.jar;C:\Users\shrav\.m2\repository\io\micrometer\micrometer-observation\1.12.2\micrometer-observation-1.12.2.jar;C:\Users\shrav\.m2\repository\io\micrometer\micrometer-commons\1.12.2\micrometer-commons-1.12.2.jar;C:\Users\shrav\.m2\repository\org\sonatype\plexus\plexus-build-api\0.0.7\plexus-build-api-0.0.7.jar;"/>
    <property name="java.vm.vendor" value="Oracle Corporation"/>
    <property name="sun.arch.data.model" value="64"/>
    <property name="user.variant" value=""/>
    <property name="java.vendor.url" value="https://openjdk.java.net/"/>
    <property name="user.timezone" value="America/Los_Angeles"/>
    <property name="java.vm.specification.version" value="11"/>
    <property name="os.name" value="Windows 11"/>
    <property name="sun.java.launcher" value="SUN_STANDARD"/>
    <property name="user.country" value="US"/>
    <property name="sun.boot.library.path" value="C:\Program Files\Java\jdk-11\bin"/>
    <property name="sun.java.command" value="C:\Users\shrav\AppData\Local\Temp\surefire7157343697974395052\surefirebooter3812711428529732631.jar C:\Users\shrav\AppData\Local\Temp\surefire7157343697974395052 2024-02-13T16-45-17_823-jvmRun1 surefire376035577906316410tmp surefire_07201848269082010036tmp"/>
    <property name="jdk.debug" value="release"/>
    <property name="surefire.test.class.path" value="C:\Users\shrav\eclipse-workspace\DSALGO-Final\target\test-classes;C:\Users\shrav\eclipse-workspace\DSALGO-Final\target\classes;C:\Users\shrav\.m2\repository\org\seleniumhq\selenium\selenium-java\4.16.1\selenium-java-4.16.1.jar;C:\Users\shrav\.m2\repository\org\seleniumhq\selenium\selenium-api\4.16.1\selenium-api-4.16.1.jar;C:\Users\shrav\.m2\repository\org\seleniumhq\selenium\selenium-chrome-driver\4.16.1\selenium-chrome-driver-4.16.1.jar;C:\Users\shrav\.m2\repository\com\google\auto\service\auto-service-annotations\1.1.1\auto-service-annotations-1.1.1.jar;C:\Users\shrav\.m2\repository\org\seleniumhq\selenium\selenium-chromium-driver\4.16.1\selenium-chromium-driver-4.16.1.jar;C:\Users\shrav\.m2\repository\org\seleniumhq\selenium\selenium-json\4.16.1\selenium-json-4.16.1.jar;C:\Users\shrav\.m2\repository\org\seleniumhq\selenium\selenium-manager\4.16.1\selenium-manager-4.16.1.jar;C:\Users\shrav\.m2\repository\org\seleniumhq\selenium\selenium-devtools-v118\4.16.1\selenium-devtools-v118-4.16.1.jar;C:\Users\shrav\.m2\repository\org\seleniumhq\selenium\selenium-devtools-v119\4.16.1\selenium-devtools-v119-4.16.1.jar;C:\Users\shrav\.m2\repository\org\seleniumhq\selenium\selenium-devtools-v120\4.16.1\selenium-devtools-v120-4.16.1.jar;C:\Users\shrav\.m2\repository\org\seleniumhq\selenium\selenium-devtools-v85\4.16.1\selenium-devtools-v85-4.16.1.jar;C:\Users\shrav\.m2\repository\org\seleniumhq\selenium\selenium-edge-driver\4.16.1\selenium-edge-driver-4.16.1.jar;C:\Users\shrav\.m2\repository\org\seleniumhq\selenium\selenium-firefox-driver\4.16.1\selenium-firefox-driver-4.16.1.jar;C:\Users\shrav\.m2\repository\org\seleniumhq\selenium\selenium-http\4.16.1\selenium-http-4.16.1.jar;C:\Users\shrav\.m2\repository\dev\failsafe\failsafe\3.3.2\failsafe-3.3.2.jar;C:\Users\shrav\.m2\repository\org\seleniumhq\selenium\selenium-ie-driver\4.16.1\selenium-ie-driver-4.16.1.jar;C:\Users\shrav\.m2\repository\org\seleniumhq\selenium\selenium-remote-driver\4.16.1\selenium-remote-driver-4.16.1.jar;C:\Users\shrav\.m2\repository\com\google\guava\guava\32.1.2-jre\guava-32.1.2-jre.jar;C:\Users\shrav\.m2\repository\com\google\guava\failureaccess\1.0.1\failureaccess-1.0.1.jar;C:\Users\shrav\.m2\repository\com\google\guava\listenablefuture\9999.0-empty-to-avoid-conflict-with-guava\listenablefuture-9999.0-empty-to-avoid-conflict-with-guava.jar;C:\Users\shrav\.m2\repository\com\google\code\findbugs\jsr305\3.0.2\jsr305-3.0.2.jar;C:\Users\shrav\.m2\repository\org\checkerframework\checker-qual\3.33.0\checker-qual-3.33.0.jar;C:\Users\shrav\.m2\repository\com\google\errorprone\error_prone_annotations\2.18.0\error_prone_annotations-2.18.0.jar;C:\Users\shrav\.m2\repository\com\google\j2objc\j2objc-annotations\2.8\j2objc-annotations-2.8.jar;C:\Users\shrav\.m2\repository\io\opentelemetry\opentelemetry-api\1.28.0\opentelemetry-api-1.28.0.jar;C:\Users\shrav\.m2\repository\io\opentelemetry\opentelemetry-context\1.28.0\opentelemetry-context-1.28.0.jar;C:\Users\shrav\.m2\repository\io\opentelemetry\opentelemetry-exporter-logging\1.28.0\opentelemetry-exporter-logging-1.28.0.jar;C:\Users\shrav\.m2\repository\io\opentelemetry\opentelemetry-sdk-metrics\1.28.0\opentelemetry-sdk-metrics-1.28.0.jar;C:\Users\shrav\.m2\repository\io\opentelemetry\opentelemetry-extension-incubator\1.28.0-alpha\opentelemetry-extension-incubator-1.28.0-alpha.jar;C:\Users\shrav\.m2\repository\io\opentelemetry\opentelemetry-sdk-logs\1.28.0\opentelemetry-sdk-logs-1.28.0.jar;C:\Users\shrav\.m2\repository\io\opentelemetry\opentelemetry-sdk-common\1.28.0\opentelemetry-sdk-common-1.28.0.jar;C:\Users\shrav\.m2\repository\io\opentelemetry\opentelemetry-sdk-extension-autoconfigure-spi\1.28.0\opentelemetry-sdk-extension-autoconfigure-spi-1.28.0.jar;C:\Users\shrav\.m2\repository\io\opentelemetry\opentelemetry-sdk-extension-autoconfigure\1.28.0\opentelemetry-sdk-extension-autoconfigure-1.28.0.jar;C:\Users\shrav\.m2\repository\io\opentelemetry\opentelemetry-api-events\1.28.0-alpha\opentelemetry-api-events-1.28.0-alpha.jar;C:\Users\shrav\.m2\repository\io\opentelemetry\opentelemetry-sdk-trace\1.28.0\opentelemetry-sdk-trace-1.28.0.jar;C:\Users\shrav\.m2\repository\io\opentelemetry\opentelemetry-sdk\1.28.0\opentelemetry-sdk-1.28.0.jar;C:\Users\shrav\.m2\repository\io\opentelemetry\opentelemetry-semconv\1.28.0-alpha\opentelemetry-semconv-1.28.0-alpha.jar;C:\Users\shrav\.m2\repository\net\bytebuddy\byte-buddy\1.14.5\byte-buddy-1.14.5.jar;C:\Users\shrav\.m2\repository\org\seleniumhq\selenium\selenium-os\4.16.1\selenium-os-4.16.1.jar;C:\Users\shrav\.m2\repository\org\apache\commons\commons-exec\1.3\commons-exec-1.3.jar;C:\Users\shrav\.m2\repository\org\seleniumhq\selenium\selenium-safari-driver\4.16.1\selenium-safari-driver-4.16.1.jar;C:\Users\shrav\.m2\repository\org\seleniumhq\selenium\selenium-support\4.16.1\selenium-support-4.16.1.jar;C:\Users\shrav\.m2\repository\org\testng\testng\7.8.0\testng-7.8.0.jar;C:\Users\shrav\.m2\repository\com\beust\jcommander\1.82\jcommander-1.82.jar;C:\Users\shrav\.m2\repository\org\webjars\jquery\3.6.1\jquery-3.6.1.jar;C:\Users\shrav\.m2\repository\junit\junit\4.11\junit-4.11.jar;C:\Users\shrav\.m2\repository\org\hamcrest\hamcrest-core\1.3\hamcrest-core-1.3.jar;C:\Users\shrav\.m2\repository\io\cucumber\cucumber-java\7.15.0\cucumber-java-7.15.0.jar;C:\Users\shrav\.m2\repository\io\cucumber\cucumber-core\7.15.0\cucumber-core-7.15.0.jar;C:\Users\shrav\.m2\repository\io\cucumber\cucumber-gherkin\7.15.0\cucumber-gherkin-7.15.0.jar;C:\Users\shrav\.m2\repository\io\cucumber\cucumber-gherkin-messages\7.15.0\cucumber-gherkin-messages-7.15.0.jar;C:\Users\shrav\.m2\repository\io\cucumber\messages\22.0.0\messages-22.0.0.jar;C:\Users\shrav\.m2\repository\io\cucumber\tag-expressions\6.0.0\tag-expressions-6.0.0.jar;C:\Users\shrav\.m2\repository\io\cucumber\cucumber-expressions\17.0.1\cucumber-expressions-17.0.1.jar;C:\Users\shrav\.m2\repository\io\cucumber\datatable\7.15.0\datatable-7.15.0.jar;C:\Users\shrav\.m2\repository\io\cucumber\cucumber-plugin\7.15.0\cucumber-plugin-7.15.0.jar;C:\Users\shrav\.m2\repository\io\cucumber\docstring\7.15.0\docstring-7.15.0.jar;C:\Users\shrav\.m2\repository\io\cucumber\html-formatter\20.4.0\html-formatter-20.4.0.jar;C:\Users\shrav\.m2\repository\io\cucumber\junit-xml-formatter\0.2.0\junit-xml-formatter-0.2.0.jar;C:\Users\shrav\.m2\repository\io\cucumber\ci-environment\10.0.0\ci-environment-10.0.0.jar;C:\Users\shrav\.m2\repository\org\apiguardian\apiguardian-api\1.1.2\apiguardian-api-1.1.2.jar;C:\Users\shrav\.m2\repository\io\cucumber\cucumber-junit\7.15.0\cucumber-junit-7.15.0.jar;C:\Users\shrav\.m2\repository\io\cucumber\cucumber-testng\7.15.0\cucumber-testng-7.15.0.jar;C:\Users\shrav\.m2\repository\io\github\bonigarcia\webdrivermanager\5.6.2\webdrivermanager-5.6.2.jar;C:\Users\shrav\.m2\repository\com\google\code\gson\gson\2.10.1\gson-2.10.1.jar;C:\Users\shrav\.m2\repository\com\github\docker-java\docker-java\3.3.4\docker-java-3.3.4.jar;C:\Users\shrav\.m2\repository\com\github\docker-java\docker-java-core\3.3.4\docker-java-core-3.3.4.jar;C:\Users\shrav\.m2\repository\com\github\docker-java\docker-java-api\3.3.4\docker-java-api-3.3.4.jar;C:\Users\shrav\.m2\repository\org\bouncycastle\bcpkix-jdk18on\1.76\bcpkix-jdk18on-1.76.jar;C:\Users\shrav\.m2\repository\org\bouncycastle\bcprov-jdk18on\1.76\bcprov-jdk18on-1.76.jar;C:\Users\shrav\.m2\repository\org\bouncycastle\bcutil-jdk18on\1.76\bcutil-jdk18on-1.76.jar;C:\Users\shrav\.m2\repository\org\slf4j\jcl-over-slf4j\1.7.30\jcl-over-slf4j-1.7.30.jar;C:\Users\shrav\.m2\repository\com\github\docker-java\docker-java-transport-httpclient5\3.3.4\docker-java-transport-httpclient5-3.3.4.jar;C:\Users\shrav\.m2\repository\com\github\docker-java\docker-java-transport\3.3.4\docker-java-transport-3.3.4.jar;C:\Users\shrav\.m2\repository\net\java\dev\jna\jna\5.13.0\jna-5.13.0.jar;C:\Users\shrav\.m2\repository\org\brotli\dec\0.1.2\dec-0.1.2.jar;C:\Users\shrav\.m2\repository\org\apache\commons\commons-compress\1.24.0\commons-compress-1.24.0.jar;C:\Users\shrav\.m2\repository\org\apache\httpcomponents\client5\httpclient5\5.2.1\httpclient5-5.2.1.jar;C:\Users\shrav\.m2\repository\org\apache\httpcomponents\core5\httpcore5\5.2\httpcore5-5.2.jar;C:\Users\shrav\.m2\repository\org\apache\httpcomponents\core5\httpcore5-h2\5.2\httpcore5-h2-5.2.jar;C:\Users\shrav\.m2\repository\org\apache\poi\poi\5.2.4\poi-5.2.4.jar;C:\Users\shrav\.m2\repository\commons-codec\commons-codec\1.16.0\commons-codec-1.16.0.jar;C:\Users\shrav\.m2\repository\org\apache\commons\commons-collections4\4.4\commons-collections4-4.4.jar;C:\Users\shrav\.m2\repository\org\apache\commons\commons-math3\3.6.1\commons-math3-3.6.1.jar;C:\Users\shrav\.m2\repository\com\zaxxer\SparseBitSet\1.3\SparseBitSet-1.3.jar;C:\Users\shrav\.m2\repository\org\apache\poi\poi-ooxml\5.2.5\poi-ooxml-5.2.5.jar;C:\Users\shrav\.m2\repository\org\apache\poi\poi-ooxml-lite\5.2.5\poi-ooxml-lite-5.2.5.jar;C:\Users\shrav\.m2\repository\org\apache\xmlbeans\xmlbeans\5.2.0\xmlbeans-5.2.0.jar;C:\Users\shrav\.m2\repository\com\github\virtuald\curvesapi\1.08\curvesapi-1.08.jar;C:\Users\shrav\.m2\repository\org\apache\commons\commons-lang3\3.14.0\commons-lang3-3.14.0.jar;C:\Users\shrav\.m2\repository\commons-io\commons-io\2.15.1\commons-io-2.15.1.jar;C:\Users\shrav\.m2\repository\commons-fileupload\commons-fileupload\1.5\commons-fileupload-1.5.jar;C:\Users\shrav\.m2\repository\io\qameta\allure\allure-testng\2.24.0\allure-testng-2.24.0.jar;C:\Users\shrav\.m2\repository\io\qameta\allure\allure-java-commons\2.24.0\allure-java-commons-2.24.0.jar;C:\Users\shrav\.m2\repository\io\qameta\allure\allure-model\2.24.0\allure-model-2.24.0.jar;C:\Users\shrav\.m2\repository\io\qameta\allure\allure-test-filter\2.24.0\allure-test-filter-2.24.0.jar;C:\Users\shrav\.m2\repository\io\qameta\allure\allure-cucumber7-jvm\2.25.0\allure-cucumber7-jvm-2.25.0.jar;C:\Users\shrav\.m2\repository\io\cucumber\gherkin\26.2.0\gherkin-26.2.0.jar;C:\Users\shrav\.m2\repository\tech\grasshopper\extentreports-cucumber7-adapter\1.14.0\extentreports-cucumber7-adapter-1.14.0.jar;C:\Users\shrav\.m2\repository\tech\grasshopper\extent-pdf-report\2.12.0\extent-pdf-report-2.12.0.jar;C:\Users\shrav\.m2\repository\tech\grasshopper\cucumber-pdf-report\2.14.0\cucumber-pdf-report-2.14.0.jar;C:\Users\shrav\.m2\repository\org\apache\pdfbox\pdfbox\2.0.26\pdfbox-2.0.26.jar;C:\Users\shrav\.m2\repository\org\apache\pdfbox\fontbox\2.0.26\fontbox-2.0.26.jar;C:\Users\shrav\.m2\repository\org\knowm\xchart\xchart\3.8.0\xchart-3.8.0.jar;C:\Users\shrav\.m2\repository\de\erichseifert\vectorgraphics2d\VectorGraphics2D\0.13\VectorGraphics2D-0.13.jar;C:\Users\shrav\.m2\repository\de\rototor\pdfbox\graphics2d\0.30\graphics2d-0.30.jar;C:\Users\shrav\.m2\repository\com\madgag\animated-gif-lib\1.4\animated-gif-lib-1.4.jar;C:\Users\shrav\.m2\repository\org\yaml\snakeyaml\2.0\snakeyaml-2.0.jar;C:\Users\shrav\.m2\repository\tech\grasshopper\table-layout\1.5.1\table-layout-1.5.1.jar;C:\Users\shrav\.m2\repository\tech\grasshopper\rest-assured-cucumber-pdf-report\1.5.0\rest-assured-cucumber-pdf-report-1.5.0.jar;C:\Users\shrav\.m2\repository\org\jsoup\jsoup\1.15.3\jsoup-1.15.3.jar;C:\Users\shrav\.m2\repository\com\aventstack\klov-reporter\5.1.0\klov-reporter-5.1.0.jar;C:\Users\shrav\.m2\repository\org\mongodb\mongodb-driver\3.6.4\mongodb-driver-3.6.4.jar;C:\Users\shrav\.m2\repository\org\mongodb\mongodb-driver-core\3.6.4\mongodb-driver-core-3.6.4.jar;C:\Users\shrav\.m2\repository\org\mongodb\bson\3.6.4\bson-3.6.4.jar;C:\Users\shrav\.m2\repository\org\apache\httpcomponents\httpclient\4.5.13\httpclient-4.5.13.jar;C:\Users\shrav\.m2\repository\org\apache\httpcomponents\httpcore\4.4.13\httpcore-4.4.13.jar;C:\Users\shrav\.m2\repository\commons-logging\commons-logging\1.2\commons-logging-1.2.jar;C:\Users\shrav\.m2\repository\org\apache\httpcomponents\httpmime\4.5.13\httpmime-4.5.13.jar;C:\Users\shrav\.m2\repository\tech\grasshopper\htmlextentreporter\1.1.0\htmlextentreporter-1.1.0.jar;C:\Users\shrav\.m2\repository\tech\grasshopper\extent-excel-report\1.4.0\extent-excel-report-1.4.0.jar;C:\Users\shrav\.m2\repository\com\aventstack\extentreports\5.1.1\extentreports-5.1.1.jar;C:\Users\shrav\.m2\repository\io\reactivex\rxjava3\rxjava\3.1.6\rxjava-3.1.6.jar;C:\Users\shrav\.m2\repository\org\reactivestreams\reactive-streams\1.0.4\reactive-streams-1.0.4.jar;C:\Users\shrav\.m2\repository\org\freemarker\freemarker\2.3.32\freemarker-2.3.32.jar;C:\Users\shrav\.m2\repository\org\projectlombok\lombok\1.18.26\lombok-1.18.26.jar;C:\Users\shrav\.m2\repository\net\masterthought\maven-cucumber-reporting\5.7.8\maven-cucumber-reporting-5.7.8.jar;C:\Users\shrav\.m2\repository\net\masterthought\cucumber-reporting\5.7.8\cucumber-reporting-5.7.8.jar;C:\Users\shrav\.m2\repository\com\fasterxml\jackson\core\jackson-databind\2.16.0\jackson-databind-2.16.0.jar;C:\Users\shrav\.m2\repository\com\fasterxml\jackson\core\jackson-annotations\2.16.0\jackson-annotations-2.16.0.jar;C:\Users\shrav\.m2\repository\com\fasterxml\jackson\core\jackson-core\2.16.0\jackson-core-2.16.0.jar;C:\Users\shrav\.m2\repository\com\fasterxml\jackson\datatype\jackson-datatype-jsr310\2.16.0\jackson-datatype-jsr310-2.16.0.jar;C:\Users\shrav\.m2\repository\org\apache\velocity\velocity-engine-core\2.3\velocity-engine-core-2.3.jar;C:\Users\shrav\.m2\repository\joda-time\joda-time\2.12.5\joda-time-2.12.5.jar;C:\Users\shrav\.m2\repository\org\codehaus\plexus\plexus-utils\3.5.1\plexus-utils-3.5.1.jar;C:\Users\shrav\.m2\repository\com\googlecode\owasp-java-html-sanitizer\owasp-java-html-sanitizer\20220608.1\owasp-java-html-sanitizer-20220608.1.jar;C:\Users\shrav\.m2\repository\commons-configuration\commons-configuration\1.10\commons-configuration-1.10.jar;C:\Users\shrav\.m2\repository\commons-lang\commons-lang\2.6\commons-lang-2.6.jar;C:\Users\shrav\.m2\repository\org\apache\maven\maven-plugin-api\4.0.0-alpha-12\maven-plugin-api-4.0.0-alpha-12.jar;C:\Users\shrav\.m2\repository\org\apache\maven\maven-api-plugin\4.0.0-alpha-12\maven-api-plugin-4.0.0-alpha-12.jar;C:\Users\shrav\.m2\repository\org\apache\maven\maven-api-xml\4.0.0-alpha-12\maven-api-xml-4.0.0-alpha-12.jar;C:\Users\shrav\.m2\repository\org\apache\maven\maven-api-meta\4.0.0-alpha-12\maven-api-meta-4.0.0-alpha-12.jar;C:\Users\shrav\.m2\repository\org\apache\maven\maven-model\4.0.0-alpha-12\maven-model-4.0.0-alpha-12.jar;C:\Users\shrav\.m2\repository\org\apache\maven\maven-api-model\4.0.0-alpha-12\maven-api-model-4.0.0-alpha-12.jar;C:\Users\shrav\.m2\repository\org\apache\maven\maven-xml-impl\4.0.0-alpha-12\maven-xml-impl-4.0.0-alpha-12.jar;C:\Users\shrav\.m2\repository\org\codehaus\plexus\plexus-xml\4.0.1\plexus-xml-4.0.1.jar;C:\Users\shrav\.m2\repository\org\apache\maven\maven-artifact\4.0.0-alpha-12\maven-artifact-4.0.0-alpha-12.jar;C:\Users\shrav\.m2\repository\org\eclipse\sisu\org.eclipse.sisu.plexus\0.9.0.M2\org.eclipse.sisu.plexus-0.9.0.M2.jar;C:\Users\shrav\.m2\repository\org\codehaus\plexus\plexus-classworlds\2.6.0\plexus-classworlds-2.6.0.jar;C:\Users\shrav\.m2\repository\org\apache\maven\resolver\maven-resolver-api\2.0.0-alpha-6\maven-resolver-api-2.0.0-alpha-6.jar;C:\Users\shrav\.m2\repository\log4j\log4j\1.2.17\log4j-1.2.17.jar;C:\Users\shrav\.m2\repository\org\slf4j\slf4j-api\2.0.9\slf4j-api-2.0.9.jar;C:\Users\shrav\.m2\repository\org\slf4j\slf4j-simple\2.0.9\slf4j-simple-2.0.9.jar;C:\Users\shrav\.m2\repository\org\apache\logging\log4j\log4j-core\3.0.0-alpha1\log4j-core-3.0.0-alpha1.jar;C:\Users\shrav\.m2\repository\org\apache\logging\log4j\log4j-plugins\3.0.0-alpha1\log4j-plugins-3.0.0-alpha1.jar;C:\Users\shrav\.m2\repository\javax\activation\javax.activation-api\1.2.0\javax.activation-api-1.2.0.jar;C:\Users\shrav\.m2\repository\javax\xml\bind\jaxb-api\2.3.1\jaxb-api-2.3.1.jar;C:\Users\shrav\.m2\repository\com\fasterxml\woodstox\woodstox-core\6.5.0\woodstox-core-6.5.0.jar;C:\Users\shrav\.m2\repository\org\codehaus\woodstox\stax2-api\4.2.1\stax2-api-4.2.1.jar;C:\Users\shrav\.m2\repository\org\apache\logging\log4j\log4j-api\3.0.0-alpha1\log4j-api-3.0.0-alpha1.jar;C:\Users\shrav\.m2\repository\org\apache\maven\plugins\maven-failsafe-plugin\3.2.5\maven-failsafe-plugin-3.2.5.jar;C:\Users\shrav\.m2\repository\org\apache\maven\surefire\maven-surefire-common\3.2.5\maven-surefire-common-3.2.5.jar;C:\Users\shrav\.m2\repository\org\apache\maven\surefire\surefire-api\3.2.5\surefire-api-3.2.5.jar;C:\Users\shrav\.m2\repository\org\apache\maven\surefire\surefire-logger-api\3.2.5\surefire-logger-api-3.2.5.jar;C:\Users\shrav\.m2\repository\org\apache\maven\surefire\surefire-extensions-api\3.2.5\surefire-extensions-api-3.2.5.jar;C:\Users\shrav\.m2\repository\org\apache\maven\surefire\surefire-booter\3.2.5\surefire-booter-3.2.5.jar;C:\Users\shrav\.m2\repository\org\apache\maven\surefire\surefire-extensions-spi\3.2.5\surefire-extensions-spi-3.2.5.jar;C:\Users\shrav\.m2\repository\org\eclipse\aether\aether-util\1.0.0.v20140518\aether-util-1.0.0.v20140518.jar;C:\Users\shrav\.m2\repository\org\eclipse\aether\aether-api\1.0.0.v20140518\aether-api-1.0.0.v20140518.jar;C:\Users\shrav\.m2\repository\org\codehaus\plexus\plexus-java\1.2.0\plexus-java-1.2.0.jar;C:\Users\shrav\.m2\repository\org\ow2\asm\asm\9.6\asm-9.6.jar;C:\Users\shrav\.m2\repository\com\thoughtworks\qdox\qdox\2.0.3\qdox-2.0.3.jar;C:\Users\shrav\.m2\repository\org\apache\maven\surefire\surefire-shared-utils\3.2.5\surefire-shared-utils-3.2.5.jar;C:\Users\shrav\.m2\repository\org\springframework\boot\spring-boot-maven-plugin\3.2.2\spring-boot-maven-plugin-3.2.2.jar;C:\Users\shrav\.m2\repository\org\springframework\boot\spring-boot-buildpack-platform\3.2.2\spring-boot-buildpack-platform-3.2.2.jar;C:\Users\shrav\.m2\repository\com\fasterxml\jackson\module\jackson-module-parameter-names\2.14.2\jackson-module-parameter-names-2.14.2.jar;C:\Users\shrav\.m2\repository\net\java\dev\jna\jna-platform\5.13.0\jna-platform-5.13.0.jar;C:\Users\shrav\.m2\repository\org\springframework\spring-core\6.0.10\spring-core-6.0.10.jar;C:\Users\shrav\.m2\repository\org\springframework\spring-jcl\6.0.10\spring-jcl-6.0.10.jar;C:\Users\shrav\.m2\repository\org\tomlj\tomlj\1.0.0\tomlj-1.0.0.jar;C:\Users\shrav\.m2\repository\org\antlr\antlr4-runtime\4.7.2\antlr4-runtime-4.7.2.jar;C:\Users\shrav\.m2\repository\org\springframework\boot\spring-boot-loader-tools\3.2.2\spring-boot-loader-tools-3.2.2.jar;C:\Users\shrav\.m2\repository\org\apache\maven\shared\maven-common-artifact-filters\3.3.2\maven-common-artifact-filters-3.3.2.jar;C:\Users\shrav\.m2\repository\org\springframework\spring-context\6.1.3\spring-context-6.1.3.jar;C:\Users\shrav\.m2\repository\org\springframework\spring-aop\6.1.3\spring-aop-6.1.3.jar;C:\Users\shrav\.m2\repository\org\springframework\spring-beans\6.1.3\spring-beans-6.1.3.jar;C:\Users\shrav\.m2\repository\org\springframework\spring-expression\6.1.3\spring-expression-6.1.3.jar;C:\Users\shrav\.m2\repository\io\micrometer\micrometer-observation\1.12.2\micrometer-observation-1.12.2.jar;C:\Users\shrav\.m2\repository\io\micrometer\micrometer-commons\1.12.2\micrometer-commons-1.12.2.jar;C:\Users\shrav\.m2\repository\org\sonatype\plexus\plexus-build-api\0.0.7\plexus-build-api-0.0.7.jar;"/>
    <property name="sun.cpu.endian" value="little"/>
    <property name="user.home" value="C:\Users\shrav"/>
    <property name="user.language" value="en"/>
    <property name="java.specification.vendor" value="Oracle Corporation"/>
    <property name="java.version.date" value="2023-07-18"/>
    <property name="java.home" value="C:\Program Files\Java\jdk-11"/>
    <property name="file.separator" value="\"/>
    <property name="basedir" value="C:\Users\shrav\eclipse-workspace\DSALGO-Final"/>
    <property name="java.vm.compressedOopsMode" value="Zero based"/>
    <property name="line.separator" value="&#10;"/>
    <property name="java.specification.name" value="Java Platform API Specification"/>
    <property name="java.vm.specification.vendor" value="Oracle Corporation"/>
    <property name="java.awt.graphicsenv" value="sun.awt.Win32GraphicsEnvironment"/>
    <property name="surefire.real.class.path" value="C:\Users\shrav\AppData\Local\Temp\surefire7157343697974395052\surefirebooter3812711428529732631.jar"/>
    <property name="user.script" value=""/>
    <property name="sun.management.compiler" value="HotSpot 64-Bit Tiered Compilers"/>
    <property name="cucumber.plugin" value="json:target/report/cucumber-reports.json"/>
    <property name="java.runtime.version" value="11.0.20+9-LTS-256"/>
    <property name="user.name" value="shrav"/>
    <property name="path.separator" value=";"/>
    <property name="os.version" value="10.0"/>
    <property name="java.runtime.name" value="Java(TM) SE Runtime Environment"/>
    <property name="file.encoding" value="Cp1252"/>
    <property name="java.vm.name" value="Java HotSpot(TM) 64-Bit Server VM"/>
    <property name="java.vendor.version" value="18.9"/>
    <property name="localRepository" value="C:\Users\shrav\.m2\repository"/>
    <property name="java.vendor.url.bug" value="https://bugreport.java.com/bugreport/"/>
    <property name="java.io.tmpdir" value="C:\Users\shrav\AppData\Local\Temp\"/>
    <property name="java.version" value="11.0.20"/>
    <property name="user.dir" value="C:\Users\shrav\eclipse-workspace\DSALGO-Final"/>
    <property name="os.arch" value="amd64"/>
    <property name="java.vm.specification.name" value="Java Virtual Machine Specification"/>
    <property name="java.awt.printerjob" value="sun.awt.windows.WPrinterJob"/>
    <property name="sun.os.patch.level" value=""/>
    <property name="java.library.path" value="C:\Program Files\Java\jdk-11\bin;C:\Windows\Sun\Java\bin;C:\Windows\system32;C:\Windows;C:\Users\shrav\.jenkins\tools\hudson.tasks.Maven_MavenInstallation\Default/bin;C:\Program Files\Java\jdk-11/bin;C:\Program Files\Java\jdk-11/bin;C:\Program Files\Common Files\Oracle\Java\javapath;C:\Windows\system32;C:\Windows;C:\Windows\System32\Wbem;C:\Windows\System32\WindowsPowerShell\v1.0\;C:\Windows\System32\OpenSSH\;C:\Program Files (x86)\NVIDIA Corporation\PhysX\Common;C:\Program Files\NVIDIA Corporation\NVIDIA NvDLISR;C:\Program Files\Java\jdk-11\bin;C:\Users\shrav\Downloads\allure-2.24.1\allure-2.24.1\bin;C:\Program Files\Git\cmd;C:\Users\shrav\AppData\Local\Microsoft\WindowsApps;C:\Users\shrav\Downloads\allure-2.24.1\allure-2.24.1\bin;C:\Program Files\Maven\apache-maven-3.9.6\bin;;."/>
    <property name="java.vendor" value="Oracle Corporation"/>
    <property name="java.vm.info" value="mixed mode"/>
    <property name="java.vm.version" value="11.0.20+9-LTS-256"/>
    <property name="java.specification.maintenance.version" value="2"/>
    <property name="sun.io.unicode.encoding" value="UnicodeLittle"/>
    <property name="java.class.version" value="55.0"/>
  </properties>
  <testcase name="runScenario" classname="testrunners.testRunner" time="13.779"/>
  <testcase name="runScenario" classname="testrunners.testRunner" time="3.273"/>
  <testcase name="runScenario" classname="testrunners.testRunner" time="2.533"/>
  <testcase name="runScenario" classname="testrunners.testRunner" time="2.463"/>
  <testcase name="runScenario" classname="testrunners.testRunner" time="2.566"/>
  <testcase name="runScenario" classname="testrunners.testRunner" time="2.512"/>
  <testcase name="runScenario" classname="testrunners.testRunner" time="2.486"/>
  <testcase name="runScenario" classname="testrunners.testRunner" time="2.536"/>
  <testcase name="runScenario" classname="testrunners.testRunner" time="2.524"/>
  <testcase name="runScenario" classname="testrunners.testRunner" time="4.375"/>
  <testcase name="runScenario" classname="testrunners.testRunner" time="2.304"/>
  <testcase name="runScenario" classname="testrunners.testRunner" time="2.351"/>
  <testcase name="runScenario" classname="testrunners.testRunner" time="2.389"/>
  <testcase name="runScenario" classname="testrunners.testRunner" time="2.33"/>
  <testcase name="runScenario" classname="testrunners.testRunner" time="2.439"/>
  <testcase name="runScenario" classname="testrunners.testRunner" time="2.222"/>
  <testcase name="runScenario" classname="testrunners.testRunner" time="0.205"/>
  <testcase name="runScenario" classname="testrunners.testRunner" time="2.632"/>
  <testcase name="runScenario" classname="testrunners.testRunner" time="2.267"/>
  <testcase name="runScenario" classname="testrunners.testRunner" time="2.399"/>
  <testcase name="runScenario" classname="testrunners.testRunner" time="2.58"/>
  <testcase name="runScenario" classname="testrunners.testRunner" time="2.553"/>
  <testcase name="runScenario" classname="testrunners.testRunner" time="2.754">
    <failure message="Title do not match expected [NumpyNinja] but found [Registration]" type="java.lang.AssertionError">java.lang.AssertionError: Title do not match expected [NumpyNinja] but found [Registration]
</failure>
    <system-out><![CDATA[16:46:29.226 [main] ERROR com.qa.util.Loggerload - Steps Failed , Taking Screenshot
]]></system-out>
    <system-err><![CDATA[[main] ERROR io.qameta.allure.AllureLifecycle - Could not add attachment: no test is running
]]></system-err>
  </testcase>
  <testcase name="runScenario" classname="testrunners.testRunner" time="1.563"/>
  <testcase name="runScenario" classname="testrunners.testRunner" time="1.409"/>
  <testcase name="runScenario" classname="testrunners.testRunner" time="2.248"/>
  <testcase name="runScenario" classname="testrunners.testRunner" time="2.729"/>
  <testcase name="runScenario" classname="testrunners.testRunner" time="1.398"/>
  <testcase name="runScenario" classname="testrunners.testRunner" time="1.276"/>
  <testcase name="runScenario" classname="testrunners.testRunner" time="1.477"/>
  <testcase name="runScenario" classname="testrunners.testRunner" time="1.464"/>
  <testcase name="runScenario" classname="testrunners.testRunner" time="1.295"/>
  <testcase name="runScenario" classname="testrunners.testRunner" time="1.198"/>
  <testcase name="runScenario" classname="testrunners.testRunner" time="1.597"/>
  <testcase name="runScenario" classname="testrunners.testRunner" time="1.712"/>
  <testcase name="runScenario" classname="testrunners.testRunner" time="1.321"/>
  <testcase name="runScenario" classname="testrunners.testRunner" time="1.227"/>
  <testcase name="runScenario" classname="testrunners.testRunner" time="1.372"/>
  <testcase name="runScenario" classname="testrunners.testRunner" time="1.449"/>
  <testcase name="runScenario" classname="testrunners.testRunner" time="1.333"/>
  <testcase name="runScenario" classname="testrunners.testRunner" time="1.33"/>
  <testcase name="runScenario" classname="testrunners.testRunner" time="1.423"/>
  <testcase name="runScenario" classname="testrunners.testRunner" time="1.452"/>
  <testcase name="runScenario" classname="testrunners.testRunner" time="1.281"/>
  <testcase name="runScenario" classname="testrunners.testRunner" time="1.246"/>
  <testcase name="runScenario" classname="testrunners.testRunner" time="1.497"/>
  <testcase name="runScenario" classname="testrunners.testRunner" time="1.541"/>
  <testcase name="runScenario" classname="testrunners.testRunner" time="1.278"/>
  <testcase name="runScenario" classname="testrunners.testRunner" time="1.205"/>
  <testcase name="runScenario" classname="testrunners.testRunner" time="1.357"/>
  <testcase name="runScenario" classname="testrunners.testRunner" time="1.474"/>
  <testcase name="runScenario" classname="testrunners.testRunner" time="1.22"/>
  <testcase name="runScenario" classname="testrunners.testRunner" time="1.112"/>
  <testcase name="runScenario" classname="testrunners.testRunner" time="1.407"/>
  <testcase name="runScenario" classname="testrunners.testRunner" time="0.865"/>
  <testcase name="runScenario" classname="testrunners.testRunner" time="1.282"/>
  <testcase name="runScenario" classname="testrunners.testRunner" time="1.528"/>
  <testcase name="runScenario" classname="testrunners.testRunner" time="1.961"/>
  <testcase name="runScenario" classname="testrunners.testRunner" time="1.873"/>
  <testcase name="runScenario" classname="testrunners.testRunner" time="1.274"/>
  <testcase name="runScenario" classname="testrunners.testRunner" time="1.42"/>
  <testcase name="runScenario" classname="testrunners.testRunner" time="1.345"/>
  <testcase name="runScenario" classname="testrunners.testRunner" time="1.151"/>
  <testcase name="runScenario" classname="testrunners.testRunner" time="1.135"/>
  <testcase name="runScenario" classname="testrunners.testRunner" time="1.129"/>
  <testcase name="runScenario" classname="testrunners.testRunner" time="1.341"/>
  <testcase name="runScenario" classname="testrunners.testRunner" time="1.239"/>
  <testcase name="runScenario" classname="testrunners.testRunner" time="1.245"/>
  <testcase name="runScenario" classname="testrunners.testRunner" time="2.05"/>
  <testcase name="runScenario" classname="testrunners.testRunner" time="1.433"/>
  <testcase name="runScenario" classname="testrunners.testRunner" time="1.202"/>
  <testcase name="runScenario" classname="testrunners.testRunner" time="1.144"/>
  <testcase name="runScenario" classname="testrunners.testRunner" time="1.243"/>
  <testcase name="runScenario" classname="testrunners.testRunner" time="1.03"/>
  <testcase name="runScenario" classname="testrunners.testRunner" time="1.27"/>
  <testcase name="runScenario" classname="testrunners.testRunner" time="2.066"/>
  <testcase name="runScenario" classname="testrunners.testRunner" time="1.824"/>
  <testcase name="runScenario" classname="testrunners.testRunner" time="2.092"/>
  <testcase name="runScenario" classname="testrunners.testRunner" time="1.488"/>
  <testcase name="runScenario" classname="testrunners.testRunner" time="1.632"/>
  <testcase name="runScenario" classname="testrunners.testRunner" time="1.31"/>
  <testcase name="runScenario" classname="testrunners.testRunner" time="1.512"/>
  <testcase name="runScenario" classname="testrunners.testRunner" time="1.324"/>
  <testcase name="runScenario" classname="testrunners.testRunner" time="1.442"/>
  <testcase name="runScenario" classname="testrunners.testRunner" time="1.215"/>
  <testcase name="runScenario" classname="testrunners.testRunner" time="1.185"/>
  <testcase name="runScenario" classname="testrunners.testRunner" time="1.36"/>
  <testcase name="runScenario" classname="testrunners.testRunner" time="1.431"/>
  <testcase name="runScenario" classname="testrunners.testRunner" time="1.217"/>
  <testcase name="runScenario" classname="testrunners.testRunner" time="1.338"/>
  <testcase name="runScenario" classname="testrunners.testRunner" time="1.385"/>
  <testcase name="runScenario" classname="testrunners.testRunner" time="1.472"/>
  <testcase name="runScenario" classname="testrunners.testRunner" time="1.316"/>
  <testcase name="runScenario" classname="testrunners.testRunner" time="1.271"/>
  <testcase name="runScenario" classname="testrunners.testRunner" time="1.356"/>
  <testcase name="runScenario" classname="testrunners.testRunner" time="1.502"/>
  <testcase name="runScenario" classname="testrunners.testRunner" time="1.35"/>
  <testcase name="runScenario" classname="testrunners.testRunner" time="1.714"/>
  <testcase name="runScenario" classname="testrunners.testRunner" time="2.122"/>
  <testcase name="runScenario" classname="testrunners.testRunner" time="1.837"/>
  <testcase name="runScenario" classname="testrunners.testRunner" time="1.277"/>
  <testcase name="runScenario" classname="testrunners.testRunner" time="1.23"/>
  <testcase name="runScenario" classname="testrunners.testRunner" time="1.443"/>
  <testcase name="runScenario" classname="testrunners.testRunner" time="1.927"/>
  <testcase name="runScenario" classname="testrunners.testRunner" time="1.523"/>
  <testcase name="runScenario" classname="testrunners.testRunner" time="1.576"/>
  <testcase name="runScenario" classname="testrunners.testRunner" time="1.899"/>
  <testcase name="runScenario" classname="testrunners.testRunner" time="1.766"/>
  <testcase name="runScenario" classname="testrunners.testRunner" time="1.384"/>
  <testcase name="runScenario" classname="testrunners.testRunner" time="1.464"/>
  <testcase name="runScenario" classname="testrunners.testRunner" time="1.459"/>
  <testcase name="runScenario" classname="testrunners.testRunner" time="3.095"/>
  <testcase name="runScenario" classname="testrunners.testRunner" time="1.529"/>
  <testcase name="runScenario" classname="testrunners.testRunner" time="1.401"/>
  <testcase name="runScenario" classname="testrunners.testRunner" time="1.75"/>
  <testcase name="runScenario" classname="testrunners.testRunner" time="1.905"/>
  <testcase name="runScenario" classname="testrunners.testRunner" time="1.879"/>
  <testcase name="runScenario" classname="testrunners.testRunner" time="1.284"/>
  <testcase name="runScenario" classname="testrunners.testRunner" time="1.718"/>
  <testcase name="runScenario" classname="testrunners.testRunner" time="1.612"/>
  <testcase name="runScenario" classname="testrunners.testRunner" time="1.326"/>
  <testcase name="runScenario" classname="testrunners.testRunner" time="1.248"/>
  <testcase name="runScenario" classname="testrunners.testRunner" time="1.376"/>
  <testcase name="runScenario" classname="testrunners.testRunner" time="2.439"/>
  <testcase name="runScenario" classname="testrunners.testRunner" time="1.286"/>
  <testcase name="runScenario" classname="testrunners.testRunner" time="1.226"/>
  <testcase name="runScenario" classname="testrunners.testRunner" time="2.392"/>
</testsuite>