<?xml version="1.0" encoding="UTF-8"?>
<!-- Generated by org.testng.reporters.JUnitReportReporter -->
<testsuite hostname="MSI" failures="1" tests="127" name="testrunners.testRunner" time="264.133" errors="0" timestamp="2024-02-13T17:15:22 PST" skipped="0">
  <testcase classname="testrunners.testRunner" name="runScenario" time="3.057"/>
  <testcase classname="testrunners.testRunner" name="runScenario" time="2.626"/>
  <testcase classname="testrunners.testRunner" name="runScenario" time="1.712"/>
  <testcase classname="testrunners.testRunner" name="runScenario" time="1.883"/>
  <testcase classname="testrunners.testRunner" name="runScenario" time="2.984"/>
  <testcase classname="testrunners.testRunner" name="runScenario" time="1.040"/>
  <testcase classname="testrunners.testRunner" name="runScenario" time="2.333"/>
  <testcase classname="testrunners.testRunner" name="runScenario" time="1.379"/>
  <testcase classname="testrunners.testRunner" name="runScenario" time="2.554"/>
  <testcase classname="testrunners.testRunner" name="runScenario" time="2.704"/>
  <testcase classname="testrunners.testRunner" name="runScenario" time="3.180"/>
  <testcase classname="testrunners.testRunner" name="runScenario" time="1.386"/>
  <testcase classname="testrunners.testRunner" name="runScenario" time="2.791"/>
  <testcase classname="testrunners.testRunner" name="runScenario" time="2.637"/>
  <testcase classname="testrunners.testRunner" name="runScenario" time="2.576"/>
  <testcase classname="testrunners.testRunner" name="runScenario" time="2.238"/>
  <testcase classname="testrunners.testRunner" name="runScenario" time="2.502"/>
  <testcase classname="testrunners.testRunner" name="runScenario" time="1.280"/>
  <testcase classname="testrunners.testRunner" name="runScenario" time="3.568"/>
  <testcase classname="testrunners.testRunner" name="runScenario" time="1.855"/>
  <testcase classname="testrunners.testRunner" name="runScenario" time="1.278"/>
  <testcase classname="testrunners.testRunner" name="runScenario" time="3.364"/>
  <testcase classname="testrunners.testRunner" name="runScenario" time="1.528"/>
  <testcase classname="testrunners.testRunner" name="runScenario" time="1.859"/>
  <testcase classname="testrunners.testRunner" name="runScenario" time="2.350"/>
  <testcase classname="testrunners.testRunner" name="runScenario" time="2.432"/>
  <testcase classname="testrunners.testRunner" name="runScenario" time="2.106"/>
  <testcase classname="testrunners.testRunner" name="runScenario" time="2.112"/>
  <testcase classname="testrunners.testRunner" name="runScenario" time="3.488"/>
  <testcase classname="testrunners.testRunner" name="runScenario" time="1.928"/>
  <testcase classname="testrunners.testRunner" name="runScenario" time="2.570"/>
  <testcase classname="testrunners.testRunner" name="runScenario" time="2.414"/>
  <testcase classname="testrunners.testRunner" name="runScenario" time="1.436"/>
  <testcase classname="testrunners.testRunner" name="runScenario" time="2.662"/>
  <testcase classname="testrunners.testRunner" name="runScenario" time="1.689"/>
  <testcase classname="testrunners.testRunner" name="runScenario" time="1.660"/>
  <testcase classname="testrunners.testRunner" name="runScenario" time="2.445"/>
  <testcase classname="testrunners.testRunner" name="runScenario" time="2.069"/>
  <testcase classname="testrunners.testRunner" name="runScenario" time="1.909"/>
  <testcase classname="testrunners.testRunner" name="runScenario" time="3.258"/>
  <testcase classname="testrunners.testRunner" name="runScenario" time="2.601"/>
  <testcase classname="testrunners.testRunner" name="runScenario" time="2.190"/>
  <testcase classname="testrunners.testRunner" name="runScenario" time="1.961"/>
  <testcase classname="testrunners.testRunner" name="runScenario" time="1.916"/>
  <testcase classname="testrunners.testRunner" name="runScenario" time="2.551"/>
  <testcase classname="testrunners.testRunner" name="runScenario" time="1.040"/>
  <testcase classname="testrunners.testRunner" name="runScenario" time="3.022"/>
  <testcase classname="testrunners.testRunner" name="runScenario" time="3.720"/>
  <testcase classname="testrunners.testRunner" name="runScenario" time="2.778"/>
  <testcase classname="testrunners.testRunner" name="runScenario" time="1.671"/>
  <testcase classname="testrunners.testRunner" name="runScenario" time="1.528"/>
  <testcase classname="testrunners.testRunner" name="runScenario" time="1.605"/>
  <testcase classname="testrunners.testRunner" name="runScenario" time="1.539"/>
  <testcase classname="testrunners.testRunner" name="runScenario" time="2.109"/>
  <testcase classname="testrunners.testRunner" name="runScenario" time="1.370"/>
  <testcase classname="testrunners.testRunner" name="runScenario" time="1.856"/>
  <testcase classname="testrunners.testRunner" name="runScenario" time="2.682">
    <failure message="Title do not match expected [NumpyNinja] but found [Registration]" type="java.lang.AssertionError">
      <![CDATA[java.lang.AssertionError: Title do not match expected [NumpyNinja] but found [Registration]
at org.testng.Assert.fail(Assert.java:111)
at org.testng.Assert.failNotEquals(Assert.java:1578)
at org.testng.Assert.assertEqualsImpl(Assert.java:150)
at org.testng.Assert.assertEquals(Assert.java:132)
at org.testng.Assert.assertEquals(Assert.java:656)
at stepDefinitions.Registersteps.the_user_should_be_redirected_to_homepage_with_the_message(Registersteps.java:98)
at âœ½.The user should be redirected to Homepage with the message "New Account Created. You are logged in as <username>"(file:///C:/Users/shrav/eclipse-workspace/DSALGO-Final/src/test/resources/AppFeatures/3_Register.feature:69)
]]>
    </failure>
  </testcase> <!-- runScenario -->
  <testcase classname="testrunners.testRunner" name="runScenario" time="3.108"/>
  <testcase classname="testrunners.testRunner" name="runScenario" time="1.270"/>
  <testcase classname="testrunners.testRunner" name="runScenario" time="1.651"/>
  <testcase classname="testrunners.testRunner" name="runScenario" time="1.488"/>
  <testcase classname="testrunners.testRunner" name="runScenario" time="1.827"/>
  <testcase classname="testrunners.testRunner" name="runScenario" time="2.347"/>
  <testcase classname="testrunners.testRunner" name="runScenario" time="2.746"/>
  <testcase classname="testrunners.testRunner" name="runScenario" time="1.564"/>
  <testcase classname="testrunners.testRunner" name="runScenario" time="2.146"/>
  <testcase classname="testrunners.testRunner" name="runScenario" time="1.571"/>
  <testcase classname="testrunners.testRunner" name="runScenario" time="4.685"/>
  <testcase classname="testrunners.testRunner" name="runScenario" time="2.832"/>
  <testcase classname="testrunners.testRunner" name="runScenario" time="1.493"/>
  <testcase classname="testrunners.testRunner" name="runScenario" time="1.423"/>
  <testcase classname="testrunners.testRunner" name="runScenario" time="1.499"/>
  <testcase classname="testrunners.testRunner" name="runScenario" time="2.609"/>
  <testcase classname="testrunners.testRunner" name="runScenario" time="2.218"/>
  <testcase classname="testrunners.testRunner" name="runScenario" time="1.493"/>
  <testcase classname="testrunners.testRunner" name="runScenario" time="1.322"/>
  <testcase classname="testrunners.testRunner" name="runScenario" time="1.540"/>
  <testcase classname="testrunners.testRunner" name="runScenario" time="1.335"/>
  <testcase classname="testrunners.testRunner" name="runScenario" time="1.534"/>
  <testcase classname="testrunners.testRunner" name="runScenario" time="2.310"/>
  <testcase classname="testrunners.testRunner" name="runScenario" time="2.164"/>
  <testcase classname="testrunners.testRunner" name="runScenario" time="1.468"/>
  <testcase classname="testrunners.testRunner" name="runScenario" time="1.512"/>
  <testcase classname="testrunners.testRunner" name="runScenario" time="1.584"/>
  <testcase classname="testrunners.testRunner" name="runScenario" time="2.056"/>
  <testcase classname="testrunners.testRunner" name="runScenario" time="1.870"/>
  <testcase classname="testrunners.testRunner" name="runScenario" time="1.847"/>
  <testcase classname="testrunners.testRunner" name="runScenario" time="2.447"/>
  <testcase classname="testrunners.testRunner" name="runScenario" time="0.970"/>
  <testcase classname="testrunners.testRunner" name="runScenario" time="1.339"/>
  <testcase classname="testrunners.testRunner" name="runScenario" time="1.798"/>
  <testcase classname="testrunners.testRunner" name="runScenario" time="2.526"/>
  <testcase classname="testrunners.testRunner" name="runScenario" time="4.431"/>
  <testcase classname="testrunners.testRunner" name="runScenario" time="1.881"/>
  <testcase classname="testrunners.testRunner" name="runScenario" time="2.426"/>
  <testcase classname="testrunners.testRunner" name="runScenario" time="1.315"/>
  <testcase classname="testrunners.testRunner" name="runScenario" time="1.732"/>
  <testcase classname="testrunners.testRunner" name="runScenario" time="1.607"/>
  <testcase classname="testrunners.testRunner" name="runScenario" time="1.916"/>
  <testcase classname="testrunners.testRunner" name="runScenario" time="2.154"/>
  <testcase classname="testrunners.testRunner" name="runScenario" time="1.846"/>
  <testcase classname="testrunners.testRunner" name="runScenario" time="2.023"/>
  <testcase classname="testrunners.testRunner" name="runScenario" time="1.561"/>
  <testcase classname="testrunners.testRunner" name="runScenario" time="1.545"/>
  <testcase classname="testrunners.testRunner" name="runScenario" time="1.456"/>
  <testcase classname="testrunners.testRunner" name="runScenario" time="2.474"/>
  <testcase classname="testrunners.testRunner" name="runScenario" time="1.477"/>
  <testcase classname="testrunners.testRunner" name="runScenario" time="2.106"/>
  <testcase classname="testrunners.testRunner" name="runScenario" time="2.252"/>
  <testcase classname="testrunners.testRunner" name="runScenario" time="1.484"/>
  <testcase classname="testrunners.testRunner" name="runScenario" time="2.139"/>
  <testcase classname="testrunners.testRunner" name="runScenario" time="2.705"/>
  <testcase classname="testrunners.testRunner" name="runScenario" time="1.095"/>
  <testcase classname="testrunners.testRunner" name="runScenario" time="2.517"/>
  <testcase classname="testrunners.testRunner" name="runScenario" time="3.362"/>
  <testcase classname="testrunners.testRunner" name="runScenario" time="3.729"/>
  <testcase classname="testrunners.testRunner" name="runScenario" time="1.343"/>
  <testcase classname="testrunners.testRunner" name="runScenario" time="3.067"/>
  <testcase classname="testrunners.testRunner" name="runScenario" time="1.321"/>
  <testcase classname="testrunners.testRunner" name="runScenario" time="1.776"/>
  <testcase classname="testrunners.testRunner" name="runScenario" time="1.224"/>
  <testcase classname="testrunners.testRunner" name="runScenario" time="1.583"/>
  <testcase classname="testrunners.testRunner" name="runScenario" time="1.721"/>
  <testcase classname="testrunners.testRunner" name="runScenario" time="0.179"/>
  <testcase classname="testrunners.testRunner" name="runScenario" time="2.680"/>
  <testcase classname="testrunners.testRunner" name="runScenario" time="1.443"/>
  <testcase classname="testrunners.testRunner" name="runScenario" time="1.990"/>
</testsuite> <!-- testrunners.testRunner -->
