<?xml version="1.0" encoding="UTF-8"?>
<!-- Generated by org.testng.reporters.JUnitReportReporter -->
<testsuite hostname="MSI" failures="1" tests="127" name="testrunners.testRunner" time="197.608" errors="0" timestamp="2024-01-26T15:10:38 PST" skipped="0">
  <testcase classname="testrunners.testRunner" name="runScenario" time="1.224"/>
  <testcase classname="testrunners.testRunner" name="runScenario" time="1.294"/>
  <testcase classname="testrunners.testRunner" name="runScenario" time="1.337"/>
  <testcase classname="testrunners.testRunner" name="runScenario" time="1.480"/>
  <testcase classname="testrunners.testRunner" name="runScenario" time="1.364"/>
  <testcase classname="testrunners.testRunner" name="runScenario" time="2.413"/>
  <testcase classname="testrunners.testRunner" name="runScenario" time="1.192"/>
  <testcase classname="testrunners.testRunner" name="runScenario" time="1.197"/>
  <testcase classname="testrunners.testRunner" name="runScenario" time="1.846"/>
  <testcase classname="testrunners.testRunner" name="runScenario" time="1.429"/>
  <testcase classname="testrunners.testRunner" name="runScenario" time="1.086"/>
  <testcase classname="testrunners.testRunner" name="runScenario" time="1.871"/>
  <testcase classname="testrunners.testRunner" name="runScenario" time="1.266"/>
  <testcase classname="testrunners.testRunner" name="runScenario" time="1.260"/>
  <testcase classname="testrunners.testRunner" name="runScenario" time="1.241"/>
  <testcase classname="testrunners.testRunner" name="runScenario" time="1.177"/>
  <testcase classname="testrunners.testRunner" name="runScenario" time="1.567"/>
  <testcase classname="testrunners.testRunner" name="runScenario" time="2.503"/>
  <testcase classname="testrunners.testRunner" name="runScenario" time="1.483"/>
  <testcase classname="testrunners.testRunner" name="runScenario" time="1.650"/>
  <testcase classname="testrunners.testRunner" name="runScenario" time="2.217"/>
  <testcase classname="testrunners.testRunner" name="runScenario" time="1.187"/>
  <testcase classname="testrunners.testRunner" name="runScenario" time="1.511"/>
  <testcase classname="testrunners.testRunner" name="runScenario" time="1.174"/>
  <testcase classname="testrunners.testRunner" name="runScenario" time="1.504"/>
  <testcase classname="testrunners.testRunner" name="runScenario" time="1.542"/>
  <testcase classname="testrunners.testRunner" name="runScenario" time="4.332"/>
  <testcase classname="testrunners.testRunner" name="runScenario" time="1.480"/>
  <testcase classname="testrunners.testRunner" name="runScenario" time="1.542"/>
  <testcase classname="testrunners.testRunner" name="runScenario" time="1.476"/>
  <testcase classname="testrunners.testRunner" name="runScenario" time="1.331"/>
  <testcase classname="testrunners.testRunner" name="runScenario" time="1.231"/>
  <testcase classname="testrunners.testRunner" name="runScenario" time="2.192"/>
  <testcase classname="testrunners.testRunner" name="runScenario" time="2.390"/>
  <testcase classname="testrunners.testRunner" name="runScenario" time="1.444"/>
  <testcase classname="testrunners.testRunner" name="runScenario" time="1.269"/>
  <testcase classname="testrunners.testRunner" name="runScenario" time="1.497"/>
  <testcase classname="testrunners.testRunner" name="runScenario" time="2.555"/>
  <testcase classname="testrunners.testRunner" name="runScenario" time="1.512"/>
  <testcase classname="testrunners.testRunner" name="runScenario" time="1.237"/>
  <testcase classname="testrunners.testRunner" name="runScenario" time="1.329"/>
  <testcase classname="testrunners.testRunner" name="runScenario" time="1.270"/>
  <testcase classname="testrunners.testRunner" name="runScenario" time="1.319"/>
  <testcase classname="testrunners.testRunner" name="runScenario" time="0.938"/>
  <testcase classname="testrunners.testRunner" name="runScenario" time="2.436"/>
  <testcase classname="testrunners.testRunner" name="runScenario" time="1.271"/>
  <testcase classname="testrunners.testRunner" name="runScenario" time="0.212"/>
  <testcase classname="testrunners.testRunner" name="runScenario" time="2.555"/>
  <testcase classname="testrunners.testRunner" name="runScenario" time="2.388"/>
  <testcase classname="testrunners.testRunner" name="runScenario" time="1.617"/>
  <testcase classname="testrunners.testRunner" name="runScenario" time="1.263"/>
  <testcase classname="testrunners.testRunner" name="runScenario" time="1.239"/>
  <testcase classname="testrunners.testRunner" name="runScenario" time="2.225"/>
  <testcase classname="testrunners.testRunner" name="runScenario" time="1.750"/>
  <testcase classname="testrunners.testRunner" name="runScenario" time="2.415"/>
  <testcase classname="testrunners.testRunner" name="runScenario" time="1.312"/>
  <testcase classname="testrunners.testRunner" name="runScenario" time="1.355"/>
  <testcase classname="testrunners.testRunner" name="runScenario" time="1.605"/>
  <testcase classname="testrunners.testRunner" name="runScenario" time="1.749"/>
  <testcase classname="testrunners.testRunner" name="runScenario" time="2.381"/>
  <testcase classname="testrunners.testRunner" name="runScenario" time="1.244"/>
  <testcase classname="testrunners.testRunner" name="runScenario" time="1.441"/>
  <testcase classname="testrunners.testRunner" name="runScenario" time="1.366"/>
  <testcase classname="testrunners.testRunner" name="runScenario" time="2.319"/>
  <testcase classname="testrunners.testRunner" name="runScenario" time="1.146"/>
  <testcase classname="testrunners.testRunner" name="runScenario" time="1.315"/>
  <testcase classname="testrunners.testRunner" name="runScenario" time="2.520"/>
  <testcase classname="testrunners.testRunner" name="runScenario" time="1.243"/>
  <testcase classname="testrunners.testRunner" name="runScenario" time="1.299"/>
  <testcase classname="testrunners.testRunner" name="runScenario" time="2.382"/>
  <testcase classname="testrunners.testRunner" name="runScenario" time="4.621"/>
  <testcase classname="testrunners.testRunner" name="runScenario" time="1.160"/>
  <testcase classname="testrunners.testRunner" name="runScenario" time="1.420"/>
  <testcase classname="testrunners.testRunner" name="runScenario" time="1.540"/>
  <testcase classname="testrunners.testRunner" name="runScenario" time="1.219"/>
  <testcase classname="testrunners.testRunner" name="runScenario" time="1.333"/>
  <testcase classname="testrunners.testRunner" name="runScenario" time="1.259"/>
  <testcase classname="testrunners.testRunner" name="runScenario" time="1.684"/>
  <testcase classname="testrunners.testRunner" name="runScenario" time="1.603"/>
  <testcase classname="testrunners.testRunner" name="runScenario" time="2.404"/>
  <testcase classname="testrunners.testRunner" name="runScenario" time="1.323"/>
  <testcase classname="testrunners.testRunner" name="runScenario" time="1.277"/>
  <testcase classname="testrunners.testRunner" name="runScenario" time="1.413"/>
  <testcase classname="testrunners.testRunner" name="runScenario" time="1.266"/>
  <testcase classname="testrunners.testRunner" name="runScenario" time="1.162"/>
  <testcase classname="testrunners.testRunner" name="runScenario" time="1.183"/>
  <testcase classname="testrunners.testRunner" name="runScenario" time="0.778"/>
  <testcase classname="testrunners.testRunner" name="runScenario" time="1.192"/>
  <testcase classname="testrunners.testRunner" name="runScenario" time="1.423"/>
  <testcase classname="testrunners.testRunner" name="runScenario" time="0.919"/>
  <testcase classname="testrunners.testRunner" name="runScenario" time="1.360"/>
  <testcase classname="testrunners.testRunner" name="runScenario" time="2.696">
    <failure message="Title do not match expected [NumpyNinja] but found [Registration]" type="java.lang.AssertionError">
      <![CDATA[java.lang.AssertionError: Title do not match expected [NumpyNinja] but found [Registration]
at org.testng.Assert.fail(Assert.java:111)
at org.testng.Assert.failNotEquals(Assert.java:1578)
at org.testng.Assert.assertEqualsImpl(Assert.java:150)
at org.testng.Assert.assertEquals(Assert.java:132)
at org.testng.Assert.assertEquals(Assert.java:656)
at stepDefinitions.Registersteps.the_user_should_be_redirected_to_homepage_with_the_message(Registersteps.java:98)
at âœ½.The user should be redirected to Homepage with the message "New Account Created. You are logged in as <username>"(file:///C:/Users/shrav/eclipse-workspace/Dsalgo_proj_final/src/test/resources/AppFeatures/3_Register.feature:69)
]]>
    </failure>
  </testcase> <!-- runScenario -->
  <testcase classname="testrunners.testRunner" name="runScenario" time="1.133"/>
  <testcase classname="testrunners.testRunner" name="runScenario" time="1.428"/>
  <testcase classname="testrunners.testRunner" name="runScenario" time="0.984"/>
  <testcase classname="testrunners.testRunner" name="runScenario" time="1.335"/>
  <testcase classname="testrunners.testRunner" name="runScenario" time="1.316"/>
  <testcase classname="testrunners.testRunner" name="runScenario" time="1.315"/>
  <testcase classname="testrunners.testRunner" name="runScenario" time="1.177"/>
  <testcase classname="testrunners.testRunner" name="runScenario" time="1.279"/>
  <testcase classname="testrunners.testRunner" name="runScenario" time="1.310"/>
  <testcase classname="testrunners.testRunner" name="runScenario" time="1.245"/>
  <testcase classname="testrunners.testRunner" name="runScenario" time="1.584"/>
  <testcase classname="testrunners.testRunner" name="runScenario" time="1.292"/>
  <testcase classname="testrunners.testRunner" name="runScenario" time="1.640"/>
  <testcase classname="testrunners.testRunner" name="runScenario" time="2.337"/>
  <testcase classname="testrunners.testRunner" name="runScenario" time="1.313"/>
  <testcase classname="testrunners.testRunner" name="runScenario" time="1.272"/>
  <testcase classname="testrunners.testRunner" name="runScenario" time="1.201"/>
  <testcase classname="testrunners.testRunner" name="runScenario" time="1.683"/>
  <testcase classname="testrunners.testRunner" name="runScenario" time="1.344"/>
  <testcase classname="testrunners.testRunner" name="runScenario" time="1.571"/>
  <testcase classname="testrunners.testRunner" name="runScenario" time="1.286"/>
  <testcase classname="testrunners.testRunner" name="runScenario" time="1.398"/>
  <testcase classname="testrunners.testRunner" name="runScenario" time="1.508"/>
  <testcase classname="testrunners.testRunner" name="runScenario" time="2.362"/>
  <testcase classname="testrunners.testRunner" name="runScenario" time="1.775"/>
  <testcase classname="testrunners.testRunner" name="runScenario" time="1.272"/>
  <testcase classname="testrunners.testRunner" name="runScenario" time="1.209"/>
  <testcase classname="testrunners.testRunner" name="runScenario" time="1.319"/>
  <testcase classname="testrunners.testRunner" name="runScenario" time="1.136"/>
  <testcase classname="testrunners.testRunner" name="runScenario" time="1.304"/>
  <testcase classname="testrunners.testRunner" name="runScenario" time="1.543"/>
  <testcase classname="testrunners.testRunner" name="runScenario" time="1.118"/>
  <testcase classname="testrunners.testRunner" name="runScenario" time="1.353"/>
  <testcase classname="testrunners.testRunner" name="runScenario" time="1.272"/>
  <testcase classname="testrunners.testRunner" name="runScenario" time="2.352"/>
</testsuite> <!-- testrunners.testRunner -->
